<?xml version="1.0" encoding="UTF-8"?>
<!-- Generated by org.testng.reporters.JUnitReportReporter -->
<testsuite skipped="0" hostname="vetsodi10014387" name="Utility.Config_Report" tests="2" failures="0" timestamp="28 Apr 2025 07:46:38 GMT" time="18.930" errors="0">
  <testcase name="login" time="18.660" classname="Utility.Config_Report"/>
  <testcase name="dashboards" time="0.270" classname="Utility.Config_Report"/>
</testsuite> <!-- Utility.Config_Report -->
